<?xml version="1.0" encoding="UTF-8"?>
<testng-results skipped="0" failed="0" ignored="0" total="1" passed="1">
  <reporter-output>
  </reporter-output>
  <suite name="Default suite" duration-ms="27015" started-at="2019-12-31T10:29:14Z" finished-at="2019-12-31T10:29:41Z">
    <groups>
    </groups>
    <test name="Default test" duration-ms="27015" started-at="2019-12-31T10:29:14Z" finished-at="2019-12-31T10:29:41Z">
      <class name="AppiumTests.TapTest">
        <test-method status="PASS" signature="tapOptionsTest()[pri:0, instance:AppiumTests.TapTest@5204062d]" name="tapOptionsTest" duration-ms="26994" started-at="2019-12-31T10:29:14Z" finished-at="2019-12-31T10:29:41Z">
          <reporter-output>
          </reporter-output>
        </test-method> <!-- tapOptionsTest -->
      </class> <!-- AppiumTests.TapTest -->
    </test> <!-- Default test -->
  </suite> <!-- Default suite -->
</testng-results>
